IQ-TREE multicore version 1.6.12 for Linux 64-bit built Aug 15 2019
Developed by Bui Quang Minh, Nguyen Lam Tung, Olga Chernomor,
Heiko Schmidt, Dominik Schrempf, Michael Woodhams.

Host:    woese (AVX, FMA3, 504 GB RAM)
Command: ../../iqtree -s 20230515_paracetamol_amidase_controls_383_hits_alignment.fasta -st AA -m TEST -alrt 1000
Seed:    537098 (Using SPRNG - Scalable Parallel Random Number Generator)
Time:    Mon May 15 10:34:46 2023
Kernel:  AVX+FMA - 1 threads (48 CPU cores detected)

HINT: Use -nt option to specify number of threads because your CPU has 48 cores!
HINT: -nt AUTO will automatically determine the best number of threads to use.

Reading alignment file 20230515_paracetamol_amidase_controls_383_hits_alignment.fasta ... Fasta format detected
Alignment most likely contains protein sequences
Alignment has 200 sequences with 1950 columns, 1258 distinct patterns
873 parsimony-informative, 275 singleton sites, 802 constant sites
WARNING: Some sequence names are changed as follows:
4YJ6_1|Chain -> 4YJ6_1_Chain

                Gap/Ambiguity  Composition  p-value
   1  PKY64201.1       74.31%    passed     25.78%
   2  PKY66383.1       74.31%    passed     50.12%
   3  PKY74090.1       73.69%    failed      0.00%
   4  PKY95537.1       73.69%    failed      0.00%
   5  PKY80386.1       73.54%    passed      5.60%
   6  PKY79758.1       74.05%    failed      0.01%
   7  PKY80781.1       69.38%    failed      0.06%
   8  PKY83461.1       75.23%    passed     22.87%
   9  PKY89520.1       74.26%    failed      0.08%
  10  PKY89076.1       75.13%    passed     34.49%
  11  PKY89575.1       74.46%    failed      0.88%
  12  PKY83096.1       75.23%    passed     22.25%
  13  PKZ09165.1       74.31%    passed     40.12%
  14  PKZ08631.1       74.26%    failed      0.00%
  15  PKZ03255.1       75.23%    passed     22.87%
  16  PKZ22510.1       75.18%    passed     45.34%
  17  PKZ20744.1       74.77%    passed      6.11%
  18  PKZ16991.1       75.95%    failed      0.00%
  19  PKZ16354.1       74.05%    passed     74.65%
  20  PKZ22766.1       74.15%    passed     30.22%
  21  PKZ20066.1       76.31%    failed      0.00%
  22  PKZ20852.1       78.15%    failed      1.57%
  23  PKZ29912.1       76.92%    failed      0.01%
  24  PKZ41278.1       71.28%    failed      0.01%
  25  PKZ43790.1       75.13%    passed     52.87%
  26  PKZ43269.1       78.67%    passed      6.80%
  27  PKZ66103.1       76.00%    failed      0.00%
  28  PKZ65816.1       74.77%    failed      0.00%
  29  PKZ66323.1       74.31%    failed      2.60%
  30  PKZ62883.1       75.90%    failed      0.19%
  31  PKZ65245.1       79.74%    failed      0.00%
  32  PKZ66792.1       77.90%    failed      0.00%
  33  PKZ64692.1       69.85%    failed      0.00%
  34  PKZ63448.1       71.44%    failed      0.00%
  35  PKZ82367.1       75.38%    failed      0.65%
  36  PKZ93580.1       75.08%    passed     21.40%
  37  PLA02203.1       74.97%    failed      1.81%
  38  PLA21767.1       74.46%    passed     30.86%
  39  PLA20978.1       79.44%    failed      0.07%
  40  PLA50853.1       75.28%    passed     68.52%
  41  PLA52698.1       74.51%    passed     79.62%
  42  PLA55254.1       75.23%    failed      0.06%
  43  PLA58690.1       75.18%    passed     14.18%
  44  PLA44763.1       75.44%    failed      0.08%
  45  PLA66232.1       74.97%    failed      1.81%
  46  PLA57162.1       74.97%    failed      1.81%
  47  PLA70960.1       76.15%    failed      0.00%
  48  PLA71765.1       74.97%    failed      2.06%
  49  PLB79670.1       74.36%    passed     52.65%
  50  PLR70887.1       75.13%    passed     55.39%
  51  PLR70917.1       74.77%    passed     30.73%
  52  PLR73545.1       77.33%    passed     44.90%
  53  PLR70916.1       74.87%    passed     20.52%
  54  PLR65832.1       75.13%    passed     14.19%
  55  PLR66227.1       74.56%    passed     15.11%
  56  PKY72194.1       74.36%    passed     45.03%
  57  PKY85547.1       73.69%    failed      0.00%
  58  PKY68509.1       74.36%    passed     45.03%
  59  PLB82087.1       73.90%    failed      2.66%
  60  PLB82905.1       74.72%    failed      0.00%
  61  PLA90366.1       76.15%    failed      0.00%
  62  PLB83845.1       73.90%    failed      2.66%
  63  PLB84682.1       74.72%    failed      0.00%
  64  PKZ89559.1       74.46%    failed      3.09%
  65  PLA63496.1       74.97%    failed      1.80%
  66  PKZ94153.1       75.23%    passed      6.89%
  67  PKZ94681.1       74.97%    passed      7.53%
  68  PLA54006.1       74.97%    passed     10.59%
  69  PKZ99530.1       74.97%    passed      5.09%
  70  PKZ97352.1       74.97%    passed     11.51%
  71  PLA59548.1       74.97%    passed      5.18%
  72  PLA07742.1       74.97%    passed      6.26%
  73  PLA04827.1       74.97%    failed      4.06%
  74  PLA00170.1       74.97%    failed      2.06%
  75  PLA09255.1       74.97%    failed      2.06%
  76  PLA05881.1       74.97%    failed      1.81%
  77  PLA23096.1       75.13%    failed      0.18%
  78  PLA78093.1       75.08%    failed      0.01%
  79  PLA79535.1       65.13%    failed      0.00%
  80  PLA78149.1       74.97%    failed      1.32%
  81  PLA61917.1       72.62%    failed      2.41%
  82  PLA18407.1       72.77%    passed     50.11%
  83  PLB04707.1       74.67%    failed      0.00%
  84  PLB04846.1       75.18%    passed     68.00%
  85  PLB08528.1       76.21%    failed      0.00%
  86  PLB03943.1       70.82%    failed      0.00%
  87  PLA24935.1       74.31%    passed     13.92%
  88  PLA23573.1       76.00%    failed      0.00%
  89  PKZ18985.1       73.69%    passed     57.76%
  90  PKZ19817.1       27.33%    failed      0.00%
  91  PKZ17840.1       73.69%    passed     57.76%
  92  PKZ18665.1       27.33%    failed      0.00%
  93  PKY97272.1       73.69%    passed     63.54%
  94  PKY93488.1       75.03%    passed     21.58%
  95  PKY93381.1       65.49%    failed      0.00%
  96  PKY92403.1       74.36%    failed      0.00%
  97  PKZ32767.1       75.03%    passed     21.97%
  98  PKZ52525.1       75.03%    passed     21.97%
  99  PKZ10468.1       75.03%    passed     21.97%
 100  PKZ00556.1       74.92%    passed      7.28%
 101  PKZ01497.1       75.28%    failed      0.02%
 102  PKZ01187.1       60.36%    failed      0.00%
 103  PKZ00547.1       72.92%    failed      0.00%
 104  PKZ05420.1       74.92%    passed      9.70%
 105  PKZ06220.1       75.28%    failed      0.04%
 106  PKZ05256.1       63.08%    failed      0.00%
 107  PKZ05429.1       72.92%    failed      0.00%
 108  PLA11592.1       74.72%    passed     18.82%
 109  PLA13043.1       81.79%    failed      0.28%
 110  PLA28786.1       74.72%    passed     15.78%
 111  PLA27924.1       81.59%    failed      0.29%
 112  PKZ24240.1       74.67%    passed     46.01%
 113  PKZ25206.1       80.46%    failed      0.00%
 114  PLA36513.1       74.15%    passed     35.87%
 115  PLA36250.1       76.31%    failed      0.01%
 116  PLA35052.1       78.15%    failed      1.27%
 117  PKY70344.1       74.05%    passed     14.27%
 118  PKY70105.1       74.05%    passed     43.47%
 119  PKY70760.1       77.28%    failed      0.04%
 120  PKY77916.1       73.69%    passed     29.85%
 121  PKY89170.1       73.69%    passed     37.42%
 122  PKY78147.1       74.05%    passed     74.65%
 123  PKY91957.1       75.23%    passed     31.64%
 124  PKY92026.1       74.87%    failed      0.60%
 125  PKY92027.1       56.82%    failed      0.00%
 126  PKY98219.1       73.79%    failed      0.02%
 127  PKZ36844.1       75.44%    failed      0.57%
 128  PKZ27991.1       75.44%    failed      0.57%
 129  PLA31171.1       75.44%    failed      0.49%
 130  PLT11238.1       75.44%    failed      0.25%
 131  PLA16723.1       76.15%    failed      0.01%
 132  PKZ38720.1       72.56%    failed      0.57%
 133  PKZ37694.1       72.82%    failed      0.00%
 134  PKZ54569.1       73.69%    passed     58.93%
 135  PKZ39937.1       73.69%    passed     67.30%
 136  PKZ45598.1       73.69%    passed     57.45%
 137  PKZ47305.1       73.69%    passed     63.54%
 138  PKZ56361.1       73.69%    passed     57.45%
 139  PKZ54248.1       73.69%    passed     57.45%
 140  PKZ74807.1       73.69%    passed     67.30%
 141  PKZ57785.1       73.69%    passed     67.30%
 142  PKZ59091.1       73.69%    passed     58.46%
 143  PKZ59470.1       73.69%    passed     57.76%
 144  PKZ59904.1       28.15%    failed      0.00%
 145  PLT13146.1       75.44%    failed      0.25%
 146  PLT14322.1       74.77%    failed      2.81%
 147  PLT14648.1       75.03%    passed      9.09%
 148  PLT15682.1       85.03%    failed      2.19%
 149  PLA40705.1       75.13%    passed     60.68%
 150  PLA40941.1       74.46%    failed      3.35%
 151  PKZ61768.1       75.28%    passed     68.52%
 152  PKZ69518.1       74.46%    passed     27.86%
 153  PKZ82637.1       72.21%    failed      0.00%
 154  PKZ83035.1       74.21%    failed      0.00%
 155  PLA42907.1       72.21%    failed      0.00%
 156  PLA41871.1       74.26%    failed      0.00%
 157  PLA47354.1       72.21%    failed      0.00%
 158  PLA46775.1       74.26%    failed      0.00%
 159  PLA48594.1       75.44%    failed      0.08%
 160  PKZ72899.1       75.44%    failed      0.40%
 161  PKZ71650.1       75.44%    failed      0.40%
 162  PKZ90186.1       75.44%    failed      1.02%
 163  PKZ85561.1       75.44%    failed      0.57%
 164  PKZ87230.1       75.44%    failed      0.25%
 165  PMC09590.1       75.08%    failed      0.01%
 166  PMC08465.1       65.13%    failed      0.00%
 167  PMC09645.1       74.97%    failed      1.32%
 168  PMC04585.1       75.08%    failed      0.01%
 169  PMC04467.1       65.18%    failed      0.00%
 170  PMC04640.1       74.97%    failed      1.32%
 171  PMC17703.1       75.13%    failed      1.58%
 172  PMC17568.1       74.26%    passed     86.32%
 173  PMC16657.1       78.21%    failed      3.85%
 174  PMC29296.1       75.44%    failed      0.56%
 175  PMC29638.1       74.56%    failed      0.82%
 176  PMC33594.1       75.44%    failed      0.66%
 177  PMC32361.1       66.72%    failed      0.00%
 178  PMC43421.1       73.69%    passed     75.84%
 179  PMC44401.1       73.69%    passed     68.22%
 180  PMC45947.1       73.69%    passed     58.93%
 181  PMC65516.1       75.54%    failed      0.11%
 182  PMC64669.1       74.72%    passed      7.33%
 183  PMC64034.1       81.59%    failed      0.21%
 184  PMB83271.1       66.36%    failed      0.00%
 185  PMB82700.1       74.87%    failed      1.28%
 186  RAV63676.1       75.23%    passed     22.25%
 187  RAV65429.1       75.23%    passed     15.00%
 188  RRN22732.1       75.03%    passed     21.97%
 189  NJK11405.1       74.97%    failed      2.06%
 190  NSX23463.1       73.69%    passed     67.30%
 191  NSX30457.1       73.69%    passed     63.54%
 192  NSX25815.1       73.69%    passed     66.62%
 193  NSX40351.1       73.69%    passed     66.33%
 194  4YJ6_1_Chain     74.62%    passed     78.19%
 195  ACP39716.2       74.62%    passed     78.19%
 196  AFC37599.1       76.15%    failed      0.24%
 197  ANB41810.1       75.69%    failed      0.14%
 198  ANS81375.1       74.82%    failed      2.12%
 199  WP_091572988.1   74.62%    passed     78.19%
 200  AYE89271.1       74.62%    passed     78.19%
WARNING: 197 sequences contain more than 50% gaps/ambiguity
****  TOTAL            73.70%  113 sequences failed composition chi2 test (p-value<5%; df=19)
NOTE: PKY85547.1 is identical to PKY74090.1 but kept for subsequent analysis
NOTE: PKZ03255.1 is identical to PKY83461.1 but kept for subsequent analysis
NOTE: RAV63676.1 is identical to PKY83096.1 but kept for subsequent analysis
NOTE: PKY78147.1 is identical to PKZ16354.1 but kept for subsequent analysis
NOTE: PLA66232.1 is identical to PLA02203.1 but kept for subsequent analysis
NOTE: PKZ61768.1 is identical to PLA50853.1 but kept for subsequent analysis
NOTE: PLA48594.1 is identical to PLA44763.1 but kept for subsequent analysis
NOTE: PLA90366.1 is identical to PLA70960.1 but kept for subsequent analysis
NOTE: PLA00170.1 is identical to PLA71765.1 but kept for subsequent analysis
NOTE: PKY68509.1 is identical to PKY72194.1 but kept for subsequent analysis
NOTE: PLB83845.1 is identical to PLB82087.1 but kept for subsequent analysis
NOTE: PLB84682.1 is identical to PLB82905.1 but kept for subsequent analysis
NOTE: PMC09590.1 is identical to PLA78093.1 but kept for subsequent analysis
NOTE: PMC08465.1 is identical to PLA79535.1 but kept for subsequent analysis
NOTE: PMC09645.1 is identical to PLA78149.1 but kept for subsequent analysis
NOTE: PKZ17840.1 is identical to PKZ18985.1 but kept for subsequent analysis
NOTE: PKZ18665.1 is identical to PKZ19817.1 but kept for subsequent analysis
NOTE: PKZ47305.1 is identical to PKY97272.1 but kept for subsequent analysis
NOTE: PKZ52525.1 is identical to PKZ32767.1 but kept for subsequent analysis
NOTE: PKZ27991.1 is identical to PKZ36844.1 but kept for subsequent analysis
NOTE: PLT13146.1 is identical to PLT11238.1 but kept for subsequent analysis
NOTE: PMC45947.1 is identical to PKZ54569.1 but kept for subsequent analysis
NOTE: PKZ74807.1 is identical to PKZ39937.1 but kept for subsequent analysis
NOTE: PKZ56361.1 is identical to PKZ45598.1 but kept for subsequent analysis
NOTE: PKZ71650.1 is identical to PKZ72899.1 but kept for subsequent analysis
NOTE: ACP39716.2 is identical to 4YJ6_1_Chain but kept for subsequent analysis
NOTE: 17 identical sequences (see below) will be ignored for subsequent analysis
NOTE: PLA57162.1 (identical to PLA02203.1) is ignored but added at the end
NOTE: PLA05881.1 (identical to PLA02203.1) is ignored but added at the end
NOTE: PLA09255.1 (identical to PLA71765.1) is ignored but added at the end
NOTE: NJK11405.1 (identical to PLA71765.1) is ignored but added at the end
NOTE: PMC04585.1 (identical to PLA78093.1) is ignored but added at the end
NOTE: PMC04640.1 (identical to PLA78149.1) is ignored but added at the end
NOTE: PKZ59470.1 (identical to PKZ18985.1) is ignored but added at the end
NOTE: NSX30457.1 (identical to PKY97272.1) is ignored but added at the end
NOTE: PKZ10468.1 (identical to PKZ32767.1) is ignored but added at the end
NOTE: RRN22732.1 (identical to PKZ32767.1) is ignored but added at the end
NOTE: PKZ85561.1 (identical to PKZ36844.1) is ignored but added at the end
NOTE: PKZ87230.1 (identical to PLT11238.1) is ignored but added at the end
NOTE: PKZ57785.1 (identical to PKZ39937.1) is ignored but added at the end
NOTE: NSX23463.1 (identical to PKZ39937.1) is ignored but added at the end
NOTE: PKZ54248.1 (identical to PKZ45598.1) is ignored but added at the end
NOTE: WP_091572988.1 (identical to 4YJ6_1_Chain) is ignored but added at the end
NOTE: AYE89271.1 (identical to 4YJ6_1_Chain) is ignored but added at the end

For your convenience alignment with unique sequences printed to 20230515_paracetamol_amidase_controls_383_hits_alignment.fasta.uniqueseq.phy


Create initial parsimony tree by phylogenetic likelihood library (PLL)... 0.281 seconds
NOTE: ModelFinder requires 144 MB RAM!
ModelFinder will test 168 protein models (sample size: 1950) ...
 No. Model         -LnL         df  AIC          AICc         BIC
  1  Dayhoff       104015.616   363 208757.232   208923.855   210781.169
  2  Dayhoff+I     103933.498   364 208594.996   208762.642   210624.508
  3  Dayhoff+G4    100980.447   364 202688.894   202856.541   204718.407
  4  Dayhoff+I+G4  100959.913   365 202649.826   202818.500   204684.914
  5  Dayhoff+F     104050.091   382 208864.181   209050.915   210994.054
  6  Dayhoff+F+I   103965.887   383 208697.774   208885.605   210833.223
  7  Dayhoff+F+G4  100807.457   383 202380.913   202568.745   204516.362
  8  Dayhoff+F+I+G4 100787.332   384 202342.665   202531.598   204483.689
  9  mtMAM         114784.528   363 230295.055   230461.678   232318.992
 10  mtMAM+I       114668.653   364 230065.307   230232.954   232094.820
 11  mtMAM+G4      108385.790   364 217499.579   217667.226   219529.092
 12  mtMAM+I+G4    108355.853   365 217441.706   217610.380   219476.794
 13  mtMAM+F       109359.613   382 219483.226   219669.960   221613.100
 14  mtMAM+F+I     109244.950   383 219255.900   219443.732   221391.349
 15  mtMAM+F+G4    104051.399   383 208868.797   209056.629   211004.246
 16  mtMAM+F+I+G4  104022.744   384 208813.488   209002.421   210954.512
 17  JTT           103361.001   363 207448.002   207614.625   209471.939
 18  JTT+I         103285.057   364 207298.114   207465.760   209327.627
 19  JTT+G4        100435.415   364 201598.830   201766.476   203628.342
 20  JTT+I+G4      100415.473   365 201560.946   201729.620   203596.035
 21  JTT+F         103565.765   382 207895.530   208082.264   210025.403
 22  JTT+F+I       103483.904   383 207733.808   207921.639   209869.257
 23  JTT+F+G4      100456.430   383 201678.860   201866.691   203814.309
 24  JTT+F+I+G4    100435.564   384 201639.128   201828.061   203780.153
 25  WAG           101637.887   363 204001.773   204168.396   206025.711
 26  WAG+I         101566.616   364 203861.232   204028.878   205890.745
 27  WAG+G4        99355.332    364 199438.664   199606.311   201468.177
 28  WAG+I+G4      99335.027    365 199400.055   199568.729   201435.143
 29  WAG+F         101596.575   382 203957.151   204143.885   206087.024
 30  WAG+F+I       101521.362   383 203808.724   203996.555   205944.172
 31  WAG+F+G4      99241.076    383 199248.152   199435.983   201383.601
 32  WAG+F+I+G4    99220.026    384 199208.053   199396.986   201349.077
 33  cpREV         103086.781   363 206899.561   207066.184   208923.499
 34  cpREV+I       103003.025   364 206734.049   206901.696   208763.562
 35  cpREV+G4      100602.225   364 201932.451   202100.098   203961.964
 36  cpREV+I+G4    100580.204   365 201890.407   202059.081   203925.496
 37  cpREV+F       102768.215   382 206300.431   206487.164   208430.304
 38  cpREV+F+I     102674.981   383 206115.963   206303.794   208251.411
 39  cpREV+F+G4    100083.289   383 200932.577   201120.409   203068.026
 40  cpREV+F+I+G4  100059.253   384 200886.507   201075.440   203027.531
 41  mtREV         109962.558   363 220651.115   220817.738   222675.053
 42  mtREV+I       109864.641   364 220457.281   220624.928   222486.794
 43  mtREV+G4      105596.541   364 211921.082   212088.729   213950.595
 44  mtREV+I+G4    105566.105   365 211862.211   212030.885   213897.299
 45  mtREV+F       105407.796   382 211579.593   211766.326   213709.466
 46  mtREV+F+I     105307.666   383 211381.333   211569.164   213516.782
 47  mtREV+F+G4    101527.804   383 203821.608   204009.439   205957.057
 48  mtREV+F+I+G4  101500.935   384 203769.869   203958.802   205910.894
 49  rtREV         102978.878   363 206683.755   206850.378   208707.693
 50  rtREV+I       102889.274   364 206506.549   206674.196   208536.062
 51  rtREV+G4      100323.807   364 201375.613   201543.260   203405.126
 52  rtREV+I+G4    100297.242   365 201324.485   201493.159   203359.573
 53  rtREV+F       102468.223   382 205700.446   205887.180   207830.320
 54  rtREV+F+I     102372.813   383 205511.626   205699.458   207647.075
 55  rtREV+F+G4    99582.999    383 199931.998   200119.829   202067.447
 56  rtREV+F+I+G4  99554.403    384 199876.805   200065.738   202017.830
 57  mtART         114113.036   363 228952.073   229118.696   230976.010
 58  mtART+I       114024.804   364 228777.607   228945.254   230807.120
 59  mtART+G4      107871.219   364 216470.438   216638.085   218499.951
 60  mtART+I+G4    107845.523   365 216421.047   216589.721   218456.135
 61  mtART+F       108749.933   382 218263.866   218450.600   220393.740
 62  mtART+F+I     108624.890   383 218015.781   218203.612   220151.230
 63  mtART+F+G4    103170.696   383 207107.391   207295.222   209242.840
 64  mtART+F+I+G4  103137.752   384 207043.505   207232.438   209184.529
 65  mtZOA         110366.031   363 221458.062   221624.685   223481.999
 66  mtZOA+I       110273.718   364 221275.435   221443.082   223304.948
 67  mtZOA+G4      104943.383   364 210614.767   210782.413   212644.279
 68  mtZOA+I+G4    104917.401   365 210564.802   210733.477   212599.891
 69  mtZOA+F       106825.855   382 214415.710   214602.443   216545.583
 70  mtZOA+F+I     106709.295   383 214184.591   214372.422   216320.040
 71  mtZOA+F+G4    101936.475   383 204638.951   204826.782   206774.400
 72  mtZOA+F+I+G4  101911.312   384 204590.625   204779.558   206731.649
 73  VT            101778.512   363 204283.024   204449.647   206306.962
 74  VT+I          101714.265   364 204156.530   204324.176   206186.042
 75  VT+G4         99509.070    364 199746.139   199913.786   201775.652
 76  VT+I+G4       99490.433    365 199710.866   199879.540   201745.954
 77  VT+F          101788.641   382 204341.282   204528.015   206471.155
 78  VT+F+I        101718.020   383 204202.040   204389.871   206337.489
 79  VT+F+G4       99418.884    383 199603.768   199791.600   201739.217
 80  VT+F+I+G4     99398.842    384 199565.684   199754.617   201706.708
 81  LG            102124.051   363 204974.102   205140.725   206998.039
 82  LG+I          102044.767   364 204817.534   204985.181   206847.047
 83  LG+G4         99334.016    364 199396.031   199563.678   201425.544
 84  LG+I+G4       99311.381    365 199352.761   199521.435   201387.849
 85  LG+F          102182.183   382 205128.366   205315.100   207258.240
 86  LG+F+I        102091.783   383 204949.566   205137.397   207085.015
 87  LG+F+G4       99239.983    383 199245.966   199433.797   201381.415
 88  LG+F+I+G4     99214.327    384 199196.654   199385.587   201337.678
 89  DCMut         104005.504   363 208737.008   208903.631   210760.946
 90  DCMut+I       103923.612   364 208575.224   208742.871   210604.737
 91  DCMut+G4      100976.522   364 202681.043   202848.690   204710.556
 92  DCMut+I+G4    100956.048   365 202642.097   202810.771   204677.185
 93  DCMut+F       104038.534   382 208841.069   209027.803   210970.942
 94  DCMut+F+I     103954.554   383 208675.108   208862.939   210810.557
 95  DCMut+F+G4    100802.091   383 202370.183   202558.014   204505.632
 96  DCMut+F+I+G4  100782.038   384 202332.076   202521.009   204473.101
 97  PMB           101994.981   363 204715.962   204882.585   206739.899
 98  PMB+I         101935.823   364 204599.647   204767.294   206629.160
 99  PMB+G4        99897.978    364 200523.957   200691.604   202553.470
100  PMB+I+G4      99879.913    365 200489.827   200658.501   202524.915
101  PMB+F         101773.703   382 204311.406   204498.140   206441.279
102  PMB+F+I       101707.425   383 204180.850   204368.681   206316.299
103  PMB+F+G4      99579.123    383 199924.247   200112.078   202059.695
104  PMB+F+I+G4    99559.615    384 199887.231   200076.164   202028.255
105  HIVb          106783.563   363 214293.126   214459.749   216317.063
106  HIVb+I        106702.751   364 214133.501   214301.148   216163.014
107  HIVb+G4       103214.537   364 207157.073   207324.720   209186.586
108  HIVb+I+G4     103195.701   365 207121.402   207290.076   209156.490
109  HIVb+F        106493.371   382 213750.742   213937.476   215880.616
110  HIVb+F+I      106413.606   383 213593.213   213781.044   215728.662
111  HIVb+F+G4     102632.259   383 206030.519   206218.350   208165.968
112  HIVb+F+I+G4   102614.898   384 205997.795   206186.728   208138.820
113  HIVw          111692.841   363 224111.681   224278.304   226135.619
114  HIVw+I        111609.863   364 223947.726   224115.372   225977.238
115  HIVw+G4       108075.240   364 216878.480   217046.126   218907.992
116  HIVw+I+G4     108058.453   365 216846.905   217015.580   218881.994
117  HIVw+F        109179.104   382 219122.208   219308.942   221252.081
118  HIVw+F+I      109095.952   383 218957.903   219145.735   221093.352
119  HIVw+F+G4     105303.677   383 211373.353   211561.184   213508.802
120  HIVw+F+I+G4   105288.367   384 211344.734   211533.666   213485.758
121  JTTDCMut      103313.242   363 207352.485   207519.108   209376.422
122  JTTDCMut+I    103236.790   364 207201.579   207369.226   209231.092
123  JTTDCMut+G4   100416.273   364 201560.546   201728.193   203590.059
124  JTTDCMut+I+G4 100396.028   365 201522.056   201690.730   203557.144
125  JTTDCMut+F    103512.924   382 207789.849   207976.582   209919.722
126  JTTDCMut+F+I  103430.663   383 207627.327   207815.158   209762.776
127  JTTDCMut+F+G4 100429.527   383 201625.055   201812.886   203760.504
128  JTTDCMut+F+I+G4 100408.395   384 201584.791   201773.724   203725.815
129  FLU           106009.862   363 212745.723   212912.346   214769.660
130  FLU+I         105944.282   364 212616.565   212784.212   214646.078
131  FLU+G4        102974.081   364 206676.163   206843.810   208705.676
132  FLU+I+G4      102958.333   365 206646.665   206815.340   208681.754
133  FLU+F         104710.392   382 210184.784   210371.517   212314.657
134  FLU+F+I       104638.498   383 210042.995   210230.826   212178.444
135  FLU+F+G4      101541.593   383 203849.185   204037.017   205984.634
136  FLU+F+I+G4    101525.472   384 203818.944   204007.877   205959.968
137  Blosum62      102015.713   363 204757.426   204924.049   206781.363
138  Blosum62+I    101949.166   364 204626.331   204793.978   206655.844
139  Blosum62+G4   99896.517    364 200521.035   200688.681   202550.547
140  Blosum62+I+G4 99875.552    365 200481.104   200649.779   202516.193
141  Blosum62+F    101806.073   382 204376.147   204562.881   206506.020
142  Blosum62+F+I  101731.631   383 204229.262   204417.094   206364.711
143  Blosum62+F+G4 99566.771    383 199899.543   200087.374   202034.991
144  Blosum62+F+I+G4 99544.231    384 199856.462   200045.395   201997.487
145  mtMet         111692.288   363 224110.576   224277.198   226134.513
146  mtMet+I       111619.742   364 223967.483   224135.130   225996.996
147  mtMet+G4      107028.548   364 214785.096   214952.743   216814.609
148  mtMet+I+G4    107008.060   365 214746.120   214914.794   216781.209
149  mtMet+F       106626.429   382 214016.858   214203.592   216146.732
150  mtMet+F+I     106530.298   383 213826.597   214014.428   215962.046
151  mtMet+F+G4    102173.467   383 205112.935   205300.766   207248.384
152  mtMet+F+I+G4  102152.421   384 205072.842   205261.775   207213.866
153  mtVer         112229.469   363 225184.939   225351.562   227208.876
154  mtVer+I       112133.161   364 224994.322   225161.969   227023.835
155  mtVer+G4      107192.536   364 215113.072   215280.719   217142.585
156  mtVer+I+G4    107168.119   365 215066.238   215234.912   217101.326
157  mtVer+F       107702.528   382 216169.057   216355.790   218298.930
158  mtVer+F+I     107607.571   383 215981.142   216168.973   218116.591
159  mtVer+F+G4    103170.293   383 207106.586   207294.418   209242.035
160  mtVer+F+I+G4  103150.338   384 207068.675   207257.608   209209.700
161  mtInv         111792.924   363 224311.847   224478.470   226335.784
162  mtInv+I       111730.232   364 224188.464   224356.111   226217.977
163  mtInv+G4      107681.795   364 216091.589   216259.236   218121.102
164  mtInv+I+G4    107662.450   365 216054.900   216223.574   218089.988
165  mtInv+F       105431.137   382 211626.275   211813.009   213756.148
166  mtInv+F+I     105331.547   383 211429.093   211616.925   213564.542
167  mtInv+F+G4    101334.613   383 203435.225   203623.057   205570.674
168  mtInv+F+I+G4  101311.064   384 203390.129   203579.062   205531.153
Akaike Information Criterion:           LG+F+I+G4
Corrected Akaike Information Criterion: LG+F+I+G4
Bayesian Information Criterion:         LG+F+I+G4
Best-fit model: LG+F+I+G4 chosen according to BIC

All model information printed to 20230515_paracetamol_amidase_controls_383_hits_alignment.fasta.model.gz
CPU time for ModelFinder: 1582.528 seconds (0h:26m:22s)
Wall-clock time for ModelFinder: 1588.734 seconds (0h:26m:28s)

NOTE: 144 MB RAM (0 GB) is required!
Estimate model parameters (epsilon = 0.100)
Thoroughly optimizing +I+G parameters from 10 start values...
Init pinv, alpha: 0.000, 1.000 / Estimate: 0.001, 1.541 / LogL: -99214.336
Init pinv, alpha: 0.046, 1.000 / Estimate: 0.001, 1.544 / LogL: -99214.343
Init pinv, alpha: 0.091, 1.000 / Estimate: 0.001, 1.543 / LogL: -99214.346
Init pinv, alpha: 0.137, 1.000 / Estimate: 0.001, 1.543 / LogL: -99214.366
Init pinv, alpha: 0.183, 1.000 / Estimate: 0.001, 1.543 / LogL: -99214.354
Init pinv, alpha: 0.228, 1.000 / Estimate: 0.001, 1.543 / LogL: -99214.365
Init pinv, alpha: 0.274, 1.000 / Estimate: 0.001, 1.543 / LogL: -99214.377
Init pinv, alpha: 0.320, 1.000 / Estimate: 0.001, 1.542 / LogL: -99214.390
Init pinv, alpha: 0.366, 1.000 / Estimate: 0.001, 1.543 / LogL: -99214.404
Init pinv, alpha: 0.411, 1.000 / Estimate: 0.001, 1.543 / LogL: -99214.388
Optimal pinv,alpha: 0.001, 1.541 / LogL: -99214.336

Parameters optimization took 399.365 sec
Computing ML distances based on estimated model parameters... 17.848 sec
WARNING: Some pairwise ML distances are too long (saturated)
Computing BIONJ tree...
0.081 seconds
Log-likelihood of BIONJ tree: -99294.237
--------------------------------------------------------------------
|             INITIALIZING CANDIDATE TREE SET                      |
--------------------------------------------------------------------
Generating 98 parsimony trees... 26.110 second
Computing log-likelihood of 98 initial trees ... 203.523 seconds
Current best score: -99214.336

Do NNI search on 20 best initial trees
Estimate model parameters (epsilon = 0.100)
BETTER TREE FOUND at iteration 1: -99029.604
Estimate model parameters (epsilon = 0.100)
BETTER TREE FOUND at iteration 2: -99028.643
Iteration 10 / LogL: -99051.365 / Time: 0h:14m:50s
Iteration 20 / LogL: -99031.656 / Time: 0h:18m:46s
Finish initializing candidate tree set (20)
Current best tree score: -99028.643 / CPU time: 699.085
Number of iterations: 20
--------------------------------------------------------------------
|               OPTIMIZING CANDIDATE TREE SET                      |
--------------------------------------------------------------------
Estimate model parameters (epsilon = 0.100)
BETTER TREE FOUND at iteration 21: -99026.744
Estimate model parameters (epsilon = 0.100)
BETTER TREE FOUND at iteration 22: -99023.145
Estimate model parameters (epsilon = 0.100)
BETTER TREE FOUND at iteration 30: -99021.637
Iteration 30 / LogL: -99021.637 / Time: 0h:23m:36s (1h:21m:24s left)
Estimate model parameters (epsilon = 0.100)
BETTER TREE FOUND at iteration 33: -99014.598
Iteration 40 / LogL: -99024.100 / Time: 0h:28m:12s (1h:7m:16s left)
Estimate model parameters (epsilon = 0.100)
BETTER TREE FOUND at iteration 45: -99011.636
Iteration 50 / LogL: -99022.508 / Time: 0h:32m:27s (1h:2m:56s left)
Iteration 60 / LogL: -99044.995 / Time: 0h:36m:58s (0h:53m:16s left)
Iteration 70 / LogL: -99014.286 / Time: 0h:41m:11s (0h:44m:46s left)
Iteration 80 / LogL: -99013.091 / Time: 0h:45m:14s (0h:37m:13s left)
Iteration 90 / LogL: -99026.725 / Time: 0h:49m:30s (0h:30m:35s left)
Estimate model parameters (epsilon = 0.100)
BETTER TREE FOUND at iteration 91: -99005.817
Iteration 100 / LogL: -99011.085 / Time: 0h:53m:52s (0h:49m:31s left)
Iteration 110 / LogL: -99012.693 / Time: 0h:58m:33s (0h:43m:31s left)
Iteration 120 / LogL: -99010.190 / Time: 1h:2m:44s (0h:37m:26s left)
Iteration 130 / LogL: -99013.802 / Time: 1h:7m:10s (0h:31m:45s left)
Iteration 140 / LogL: -99020.037 / Time: 1h:11m:26s (0h:26m:12s left)
Iteration 150 / LogL: -99011.974 / Time: 1h:15m:30s (0h:20m:46s left)
Estimate model parameters (epsilon = 0.100)
BETTER TREE FOUND at iteration 152: -99005.651
Iteration 160 / LogL: -99029.714 / Time: 1h:19m:45s (0h:46m:8s left)
Iteration 170 / LogL: -99193.781 / Time: 1h:23m:45s (0h:40m:38s left)
Iteration 180 / LogL: -99006.704 / Time: 1h:27m:44s (0h:35m:17s left)
Iteration 190 / LogL: -99018.789 / Time: 1h:32m:13s (0h:30m:15s left)
Iteration 200 / LogL: -99008.207 / Time: 1h:36m:34s (0h:25m:14s left)
Iteration 210 / LogL: -99007.351 / Time: 1h:40m:46s (0h:20m:15s left)
Iteration 220 / LogL: -99011.695 / Time: 1h:44m:52s (0h:15m:19s left)
Iteration 230 / LogL: -99023.854 / Time: 1h:49m:25s (0h:10m:30s left)
Iteration 240 / LogL: -99007.213 / Time: 1h:53m:33s (0h:5m:42s left)
Iteration 250 / LogL: -99006.084 / Time: 1h:57m:50s (0h:0m:56s left)
TREE SEARCH COMPLETED AFTER 253 ITERATIONS / Time: 1h:59m:4s

--------------------------------------------------------------------
|                    FINALIZING TREE SEARCH                        |
--------------------------------------------------------------------
Performs final model parameters optimization
Estimate model parameters (epsilon = 0.010)
1. Initial log-likelihood: -99005.651
Optimal log-likelihood: -99005.650
Proportion of invariable sites: 0.001
Gamma shape alpha: 1.528
Parameters optimization took 1 rounds (3.622 sec)
BEST SCORE FOUND : -99005.650

Testing tree branches by SH-like aLRT with 1000 replicates...
13.561 sec.
Total tree length: 94.642

Total number of iterations: 253
CPU time used for tree search: 6707.852 sec (1h:51m:47s)
Wall-clock time used for tree search: 6717.169 sec (1h:51m:57s)
Total CPU time used: 7151.816 sec (1h:59m:11s)
Total wall-clock time used: 7161.640 sec (1h:59m:21s)

Analysis results written to: 
  IQ-TREE report:                20230515_paracetamol_amidase_controls_383_hits_alignment.fasta.iqtree
  Maximum-likelihood tree:       20230515_paracetamol_amidase_controls_383_hits_alignment.fasta.treefile
  Likelihood distances:          20230515_paracetamol_amidase_controls_383_hits_alignment.fasta.mldist
  Screen log file:               20230515_paracetamol_amidase_controls_383_hits_alignment.fasta.log

Date and Time: Mon May 15 13:00:37 2023
