IQ-TREE multicore version 1.6.12 for Linux 64-bit built Aug 15 2019
Developed by Bui Quang Minh, Nguyen Lam Tung, Olga Chernomor,
Heiko Schmidt, Dominik Schrempf, Michael Woodhams.

Host:    woese (AVX, FMA3, 504 GB RAM)
Command: ../../iqtree -s 20230531_homologs_controls_unique_aligned.fasta -m TEST -bb 1000 -alrt 1000
Seed:    329186 (Using SPRNG - Scalable Parallel Random Number Generator)
Time:    Wed May 31 15:33:33 2023
Kernel:  AVX+FMA - 1 threads (48 CPU cores detected)

HINT: Use -nt option to specify number of threads because your CPU has 48 cores!
HINT: -nt AUTO will automatically determine the best number of threads to use.

Reading alignment file 20230531_homologs_controls_unique_aligned.fasta ... Fasta format detected
Alignment most likely contains protein sequences
Alignment has 157 sequences with 1801 columns, 1283 distinct patterns
864 parsimony-informative, 305 singleton sites, 632 constant sites
                                              Gap/Ambiguity  Composition  p-value
   1  PKY64201.1_Schaalia_odontolytica               72.18%    passed     39.06%
   2  PKY66383.1_Schaalia_turicensis                 72.18%    passed     60.20%
   3  PLA52698.1_Varibaculum_cambriense              72.40%    passed     88.81%
   4  PLB79670.1_Actinomyces_sp.                     72.24%    passed     69.32%
   5  PKY72194.1_Winkia_neuii                        72.24%    passed     56.78%
   6  PLB82087.1_Actinotignum_timonense              71.74%    passed      6.23%
   7  PKZ89559.1_Trueperella_bernardiae              72.35%    failed      4.68%
   8  PKZ41278.1_Kytococcus_schroeteri               68.91%    failed      0.04%
   9  PKY80386.1_Pseudoglutamicibacter_albus         71.35%    passed     11.12%
  10  PKZ82637.1_Micrococcus_luteus                  69.91%    failed      0.00%
  11  PLA42907.1_Micrococcus_luteus                  69.91%    failed      0.00%
  12  PLA47354.1_Micrococcus_luteus                  69.91%    failed      0.00%
  13  PLA61917.1_Rothia_mucilaginosa                 70.35%    passed      7.20%
  14  PLA18407.1_Rothia_dentocariosa                 70.52%    passed     70.30%
  15  PKZ38720.1_Kocuria_rhizophila                  70.29%    failed      1.95%
  16  PKY74090.1_Actinomyces_oris                    71.52%    failed      0.02%
  17  PKY95537.1_Actinomyces_naeslundii              71.52%    failed      0.02%
  18  PKY98219.1_Actinomyces_urogenitalis            71.63%    failed      0.10%
  19  PKZ09165.1_Dermabacter_hominis                 72.18%    passed     55.31%
  20  PKZ16354.1_Alloscardovia_omnicolens            71.90%    passed     80.38%
  21  PKZ18985.1_Gardnerella_vaginalis               71.52%    passed     59.60%
  22  PKY97272.1_Gardnerella_vaginalis               71.52%    passed     64.21%
  23  PKZ45598.1_Gardnerella_vaginalis               71.52%    passed     58.24%
  24  PKZ59091.1_Gardnerella_vaginalis               71.52%    passed     59.70%
  25  NSX25815.1_Gardnerella_vaginalis               71.52%    passed     66.75%
  26  PKZ54569.1_Gardnerella_vaginalis               71.52%    passed     59.74%
  27  PKZ39937.1_Gardnerella_vaginalis               71.52%    passed     68.93%
  28  PMC43421.1_Gardnerella_vaginalis               71.52%    passed     78.36%
  29  PMC44401.1_Gardnerella_vaginalis               71.52%    passed     69.66%
  30  NSX40351.1_Gardnerella_vaginalis               71.52%    passed     67.86%
  31  PKY77916.1_Bifidobacterium_longum              71.52%    passed     29.70%
  32  PKY89170.1_Bifidobacterium_breve               71.52%    passed     36.00%
  33  PKY70344.1_Brevibacterium_ravenspurgense       71.90%    passed     28.33%
  34  PLA24935.1_Cutibacterium_acnes                 72.18%    passed     20.79%
  35  PKZ22766.1_Corynebacterium_amycolatum          72.02%    passed     41.35%
  36  PLA36513.1_Corynebacterium_amycolatum          72.02%    passed     46.55%
  37  PLA21767.1_Corynebacterium_pyruviciproducens   72.35%    passed     45.87%
  38  PLA11592.1_Corynebacterium_riegelii            72.63%    passed     30.26%
  39  PLA28786.1_Corynebacterium_coyleae             72.63%    passed     25.67%
  40  PMC64669.1_Corynebacterium_tuscaniense         72.63%    passed     14.62%
  41  PKZ24240.1_Corynebacterium_aurimucosum         72.57%    passed     65.99%
  42  PKZ66323.1_Gordonia_terrae                     72.18%    passed      5.30%
  43  PKY79758.1_Pseudoglutamicibacter_albus         71.90%    failed      0.05%
  44  PKZ37694.1_Kocuria_rhizophila                  70.57%    failed      0.00%
  45  PKZ83035.1_Micrococcus_luteus                  72.07%    failed      0.00%
  46  PLA41871.1_Micrococcus_luteus                  72.13%    failed      0.00%
  47  PLA46775.1_Micrococcus_luteus                  72.13%    failed      0.00%
  48  PKZ08631.1_Dermabacter_hominis                 72.13%    failed      0.00%
  49  PLB82905.1_Actinotignum_timonense              72.63%    failed      0.00%
  50  PLA23573.1_Cutibacterium_acnes                 74.01%    failed      0.00%
  51  PKZ20066.1_Corynebacterium_amycolatum          74.35%    failed      0.01%
  52  PLA36250.1_Corynebacterium_amycolatum          74.35%    failed      0.02%
  53  PLA20978.1_Corynebacterium_pyruviciproducens   77.73%    failed      0.18%
  54  PLA13043.1_Corynebacterium_riegelii            80.29%    failed      0.41%
  55  PLA27924.1_Corynebacterium_coyleae             80.07%    failed      0.49%
  56  PMC64034.1_Corynebacterium_tuscaniense         80.07%    failed      0.57%
  57  PKZ25206.1_Corynebacterium_aurimucosum         78.85%    failed      0.01%
  58  PKY89520.1_Falseniella_ignava                  72.13%    failed      0.08%
  59  PKY89575.1_Falseniella_ignava                  72.35%    failed      0.58%
  60  PKY92403.1_Facklamia_hominis                   72.24%    failed      0.00%
  61  PMC29638.1_Lactobacillus_iners                 72.46%    failed      0.25%
  62  PKZ94153.1_Streptococcus_salivarius            73.18%    failed      4.11%
  63  PLA78093.1_Streptococcus_agalactiae            73.01%    failed      0.00%
  64  PLA55254.1_Lacticaseibacillus_rhamnosus        73.18%    failed      0.17%
  65  PKZ01497.1_Enterococcus_faecalis               73.24%    failed      0.01%
  66  PKZ06220.1_Enterococcus_faecalis               73.24%    failed      0.03%
  67  PLA79535.1_Streptococcus_agalactiae            62.24%    failed      0.00%
  68  PMC04467.1_Streptococcus_agalactiae            62.30%    failed      0.00%
  69  PKY92027.1_Aerococcus_christensenii            53.25%    failed      0.00%
  70  PMB83271.1_Limosilactobacillus_pontis          63.58%    failed      0.00%
  71  PKY93381.1_Facklamia_hominis                   62.63%    failed      0.00%
  72  PKZ01187.1_Enterococcus_faecalis               57.08%    failed      0.00%
  73  PKZ05256.1_Enterococcus_faecalis               60.02%    failed      0.00%
  74  PLT14322.1_Limosilactobacillus_fermentum       72.68%    passed      5.07%
  75  PKZ20744.1_Aerococcus_sanguinicola             72.68%    passed      5.27%
  76  PKY92026.1_Aerococcus_christensenii            72.79%    failed      0.49%
  77  PLR66227.1_Bacillus_sp.                        72.46%    passed     12.04%
  78  PLR70917.1_Bacillus_sp.                        72.68%    passed     38.22%
  79  PLA40941.1_Neisseria_sicca                     72.35%    failed      3.85%
  80  PKZ65816.1_Gordonia_terrae                     72.68%    failed      0.00%
  81  PKZ62883.1_Gordonia_terrae                     73.90%    failed      0.46%
  82  ANB41810.1_Ochrobactrum_sp.                    73.68%    failed      0.39%
  83  PKZ20852.1_Corynebacterium_amycolatum          76.35%    failed      3.04%
  84  PLA35052.1_Corynebacterium_amycolatum          76.35%    failed      2.44%
  85  PMC65516.1_Corynebacterium_tuscaniense         73.51%    failed      0.38%
  86  PKZ66103.1_Gordonia_terrae                     74.01%    failed      0.00%
  87  PLB08528.1_Pseudomonas_aeruginosa              74.24%    failed      0.00%
  88  PKY70105.1_Brevibacterium_ravenspurgense       71.90%    passed     59.67%
  89  PLB04707.1_Pseudomonas_aeruginosa              72.57%    failed      0.00%
  90  4YJ6_1_Chain_bacterium_CSBL00001               72.52%    passed     79.02%
  91  ANS81375.1_Ochrobactrum_sp.                    72.74%    failed      4.04%
  92  PKZ66792.1_Gordonia_terrae                     76.07%    failed      0.00%
  93  PMC16657.1_Oligella_urethralis                 76.40%    failed      1.92%
  94  PKY80781.1_Pseudoglutamicibacter_albus         66.85%    failed      0.12%
  95  PLB03943.1_Pseudomonas_aeruginosa              68.41%    failed      0.00%
  96  PLR70916.1_Bacillus_sp.                        72.79%    passed     18.18%
  97  PKZ00547.1_Enterococcus_faecalis               70.68%    failed      0.00%
  98  PKZ05429.1_Enterococcus_faecalis               70.68%    failed      0.00%
  99  PKZ32767.1_Escherichia_coli                    72.96%    passed     23.46%
 100  AFC37599.1_Paracoccus_huijuniae                74.18%    failed      0.51%
 101  PKZ43269.1_Globicatella_sanguinis              76.90%    failed      3.43%
 102  PKZ64692.1_Gordonia_terrae                     67.35%    failed      0.00%
 103  PKZ63448.1_Gordonia_terrae                     69.07%    failed      0.00%
 104  PKY70760.1_Brevibacterium_ravenspurgense       75.40%    failed      0.14%
 105  PLR73545.1_Bacillus_sp.                        75.46%    passed     42.42%
 106  PKZ65245.1_Gordonia_terrae                     78.07%    failed      0.00%
 107  PLA70960.1_Enterobacter_bugandensis            74.18%    failed      0.01%
 108  PLA16723.1_Klebsiella_pneumoniae               74.18%    failed      0.02%
 109  PLA50853.1_Neisseria_perflava                  73.24%    passed     70.67%
 110  PLA40705.1_Neisseria_sicca                     73.07%    passed     61.46%
 111  PLB04846.1_Pseudomonas_aeruginosa              73.13%    passed     78.34%
 112  PMC17568.1_Oligella_urethralis                 72.13%    passed     85.57%
 113  PKZ69518.1_Moraxella_osloensis                 72.35%    passed     25.10%
 114  PKZ29912.1_Campylobacter_ureolyticus           75.01%    failed      0.00%
 115  PKZ93580.1_Veillonella_parvula                 73.01%    passed     17.12%
 116  PKY83461.1_Aerococcus_urinae                   73.18%    passed     20.78%
 117  PKY83096.1_Aerococcus_urinae                   73.18%    passed     19.64%
 118  RAV65429.1_Aerococcus_urinae                   73.18%    passed     13.78%
 119  PKY91957.1_Aerococcus_christensenii            73.18%    passed     28.63%
 120  PKZ22510.1_Aerococcus_sanguinicola             73.13%    passed     49.26%
 121  PKY89076.1_Falseniella_ignava                  73.07%    passed     29.93%
 122  PKZ43790.1_Globicatella_sanguinis              73.07%    passed     45.75%
 123  PKY93488.1_Facklamia_hominis                   72.96%    passed     18.16%
 124  PKZ82367.1_Lactobacillus_delbrueckii           73.35%    failed      0.30%
 125  PLA44763.1_Lactobacillus_jensenii              73.40%    failed      0.03%
 126  PKZ36844.1_Lactobacillus_crispatus             73.40%    failed      0.21%
 127  PLA31171.1_Lactobacillus_crispatus             73.40%    failed      0.17%
 128  PLT11238.1_Lactobacillus_crispatus             73.40%    failed      0.08%
 129  PKZ72899.1_Lactobacillus_gasseri               73.40%    failed      0.13%
 130  PKZ90186.1_Lactobacillus_gasseri               73.40%    failed      0.37%
 131  PMC33594.1_Lactobacillus_gasseri               73.40%    failed      0.23%
 132  PMC29296.1_Lactobacillus_iners                 73.40%    failed      0.20%
 133  PLA02203.1_Streptococcus_anginosus             72.90%    failed      0.88%
 134  PLA71765.1_Streptococcus_anginosus             72.90%    failed      1.02%
 135  PLA63496.1_Streptococcus_salivarius            72.90%    failed      0.89%
 136  PKZ94681.1_Streptococcus_salivarius            72.90%    passed      5.41%
 137  PKZ97352.1_Streptococcus_parasanguinis         72.90%    passed      8.87%
 138  PKZ99530.1_Streptococcus_mitis                 72.90%    failed      3.63%
 139  PLA59548.1_Streptococcus_mitis                 72.90%    failed      3.73%
 140  PLA04827.1_Streptococcus_oralis                72.90%    failed      2.73%
 141  PLA07742.1_Streptococcus_oralis                72.90%    failed      4.57%
 142  PLA54006.1_Streptococcus_macedonicus           72.90%    passed      6.66%
 143  PLA78149.1_Streptococcus_agalactiae            72.90%    failed      0.51%
 144  PLA58690.1_Lacticaseibacillus_rhamnosus        73.13%    passed     12.47%
 145  PLT14648.1_Limosilactobacillus_fermentum       72.96%    passed      7.09%
 146  PMB82700.1_Limosilactobacillus_pontis          72.79%    failed      0.69%
 147  PLR70887.1_Bacillus_sp.                        73.07%    passed     49.91%
 148  PLR65832.1_Bacillus_sp.                        73.07%    passed     10.77%
 149  PLA23096.1_Staphylococcus_hominis              73.07%    failed      0.06%
 150  PMC17703.1_Staphylococcus_pettenkoferi         73.07%    failed      0.88%
 151  PKZ16991.1_Anaerococcus_octavius               73.96%    failed      0.00%
 152  PKZ19817.1_Gardnerella_vaginalis               21.32%    failed      0.00%
 153  PKZ59904.1_Gardnerella_vaginalis               22.21%    failed      0.00%
 154  PMC32361.1_Lactobacillus_gasseri               63.96%    failed      0.00%
 155  PKZ00556.1_Enterococcus_faecalis               72.85%    failed      4.49%
 156  PKZ05420.1_Enterococcus_faecalis               72.85%    passed      6.19%
 157  PLT15682.1_Limosilactobacillus_fermentum       83.79%    failed      2.25%
WARNING: 155 sequences contain more than 50% gaps/ambiguity
****  TOTAL                                          71.64%  93 sequences failed composition chi2 test (p-value<5%; df=19)


Create initial parsimony tree by phylogenetic likelihood library (PLL)... 0.253 seconds
NOTE: ModelFinder requires 131 MB RAM!
ModelFinder will test 168 protein models (sample size: 1801) ...
 No. Model         -LnL         df  AIC          AICc         BIC
  1  Dayhoff       104095.039   311 208812.078   208942.410   210521.364
  2  Dayhoff+I     104012.169   312 208648.339   208779.597   210363.121
  3  Dayhoff+G4    101004.801   312 202633.603   202764.861   204348.385
  4  Dayhoff+I+G4  100985.784   313 202597.569   202729.757   204317.847
  5  Dayhoff+F     104157.493   330 208974.987   209123.599   210788.699
  6  Dayhoff+F+I   104071.850   331 208805.700   208955.314   210624.908
  7  Dayhoff+F+G4  100834.072   331 202330.145   202479.760   204149.353
  8  Dayhoff+F+I+G4 100815.403   332 202294.806   202445.428   204119.511
  9  mtMAM         114846.087   311 230314.174   230444.505   232023.460
 10  mtMAM+I       114728.417   312 230080.834   230212.092   231795.616
 11  mtMAM+G4      108394.193   312 217412.385   217543.643   219127.168
 12  mtMAM+I+G4    108364.254   313 217354.508   217486.697   219074.787
 13  mtMAM+F       109428.135   330 219516.270   219664.883   221329.982
 14  mtMAM+F+I     109311.195   331 219284.390   219434.004   221103.598
 15  mtMAM+F+G4    104054.028   331 208770.055   208919.670   210589.263
 16  mtMAM+F+I+G4  104029.047   332 208722.094   208872.715   210546.798
 17  JTT           103440.265   311 207502.529   207632.861   209211.815
 18  JTT+I         103363.505   312 207351.009   207482.267   209065.792
 19  JTT+G4        100468.365   312 201560.730   201691.988   203275.512
 20  JTT+I+G4      100449.929   313 201525.857   201658.046   203246.136
 21  JTT+F         103676.920   330 208013.840   208162.452   209827.552
 22  JTT+F+I       103593.445   331 207848.890   207998.505   209668.098
 23  JTT+F+G4      100504.621   331 201671.242   201820.857   203490.450
 24  JTT+F+I+G4    100485.180   332 201634.360   201784.981   203459.064
 25  WAG           101725.638   311 204073.275   204203.607   205782.561
 26  WAG+I         101653.743   312 203931.486   204062.744   205646.269
 27  WAG+G4        99391.647    312 199407.295   199538.553   201122.077
 28  WAG+I+G4      99372.400    313 199370.800   199502.988   201091.079
 29  WAG+F         101690.498   330 204040.996   204189.608   205854.708
 30  WAG+F+I       101614.099   331 203890.197   204039.812   205709.405
 31  WAG+F+G4      99275.575    331 199213.149   199362.764   201032.358
 32  WAG+F+I+G4    99255.337    332 199174.674   199325.295   200999.379
 33  cpREV         103166.095   311 206954.190   207084.522   208663.476
 34  cpREV+I       103081.958   312 206787.916   206919.174   208502.698
 35  cpREV+G4      100617.709   312 201859.417   201990.675   203574.200
 36  cpREV+I+G4    100595.968   313 201817.936   201950.124   203538.214
 37  cpREV+F       102840.964   330 206341.928   206490.541   208155.641
 38  cpREV+F+I     102746.634   331 206155.268   206304.883   207974.476
 39  cpREV+F+G4    100086.248   331 200834.496   200984.111   202653.704
 40  cpREV+F+I+G4  100062.819   332 200789.639   200940.260   202614.343
 41  mtREV         110069.523   311 220761.046   220891.377   222470.332
 42  mtREV+I       109970.369   312 220564.737   220695.995   222279.520
 43  mtREV+G4      105617.058   312 211858.116   211989.374   213572.898
 44  mtREV+I+G4    105587.867   313 211801.735   211933.923   213522.013
 45  mtREV+F       105488.580   330 211637.160   211785.772   213450.872
 46  mtREV+F+I     105386.808   331 211435.617   211585.231   213254.825
 47  mtREV+F+G4    101522.667   331 203707.334   203856.949   205526.542
 48  mtREV+F+I+G4  101496.051   332 203656.103   203806.724   205480.807
 49  rtREV         103072.362   311 206766.725   206897.056   208476.011
 50  rtREV+I       102982.348   312 206588.695   206719.953   208303.478
 51  rtREV+G4      100353.587   312 201331.174   201462.433   203045.957
 52  rtREV+I+G4    100327.472   313 201280.944   201413.132   203001.222
 53  rtREV+F       102546.001   330 205752.002   205900.614   207565.714
 54  rtREV+F+I     102449.184   331 205560.368   205709.983   207379.577
 55  rtREV+F+G4    99596.108    331 199854.216   200003.830   201673.424
 56  rtREV+F+I+G4  99567.496    332 199798.991   199949.613   201623.696
 57  mtART         114167.058   311 228956.116   229086.448   230665.402
 58  mtART+I       114077.875   312 228779.750   228911.008   230494.533
 59  mtART+G4      107845.719   312 216315.438   216446.696   218030.221
 60  mtART+I+G4    107821.180   313 216268.359   216400.548   217988.638
 61  mtART+F       108791.894   330 218243.788   218392.400   220057.500
 62  mtART+F+I     108665.513   331 217993.027   218142.641   219812.235
 63  mtART+F+G4    103118.125   331 206898.249   207047.864   208717.457
 64  mtART+F+I+G4  103085.972   332 206835.945   206986.566   208660.649
 65  mtZOA         110452.889   311 221527.778   221658.110   223237.065
 66  mtZOA+I       110359.929   312 221343.858   221475.116   223058.640
 67  mtZOA+G4      104924.973   312 210473.946   210605.204   212188.728
 68  mtZOA+I+G4    104899.032   313 210424.065   210556.253   212144.343
 69  mtZOA+F       106909.371   330 214478.742   214627.355   216292.454
 70  mtZOA+F+I     106791.916   331 214245.832   214395.446   216065.040
 71  mtZOA+F+G4    101898.537   331 204459.073   204608.688   206278.282
 72  mtZOA+F+I+G4  101872.752   332 204409.504   204560.125   206234.208
 73  VT            101860.735   311 204343.470   204473.802   206052.756
 74  VT+I          101795.934   312 204215.867   204347.125   205930.649
 75  VT+G4         99539.791    312 199703.581   199834.839   201418.364
 76  VT+I+G4       99522.162    313 199670.323   199802.512   201390.602
 77  VT+F          101876.823   330 204413.646   204562.258   206227.358
 78  VT+F+I        101805.093   331 204272.186   204421.801   206091.395
 79  VT+F+G4       99451.841    331 199565.681   199715.296   201384.890
 80  VT+F+I+G4     99432.564    332 199529.128   199679.750   201353.833
 81  LG            102214.708   311 205051.417   205181.749   206760.703
 82  LG+I          102135.015   312 204894.029   205025.287   206608.812
 83  LG+G4         99364.749    312 199353.498   199484.756   201068.280
 84  LG+I+G4       99343.287    313 199312.574   199444.762   201032.852
 85  LG+F          102278.601   330 205217.201   205365.813   207030.913
 86  LG+F+I        102186.894   331 205035.789   205185.404   206854.997
 87  LG+F+G4       99268.037    331 199198.075   199347.690   201017.283
 88  LG+F+I+G4     99243.037    332 199150.074   199300.696   200974.779
 89  DCMut         104085.042   311 208792.084   208922.415   210501.370
 90  DCMut+I       104002.456   312 208628.912   208760.170   210343.694
 91  DCMut+G4      101001.352   312 202626.705   202757.963   204341.487
 92  DCMut+I+G4    100982.348   313 202590.696   202722.884   204310.974
 93  DCMut+F       104146.186   330 208952.372   209100.984   210766.084
 94  DCMut+F+I     104060.775   331 208783.551   208933.165   210602.759
 95  DCMut+F+G4    100829.457   331 202320.914   202470.529   204140.123
 96  DCMut+F+I+G4  100810.831   332 202285.662   202436.283   204110.366
 97  PMB           102072.553   311 204767.105   204897.437   206476.391
 98  PMB+I         102012.866   312 204649.732   204780.990   206364.514
 99  PMB+G4        99929.612    312 200483.224   200614.482   202198.006
100  PMB+I+G4      99912.398    313 200450.797   200582.985   202171.075
101  PMB+F         101849.542   330 204359.084   204507.696   206172.796
102  PMB+F+I       101782.248   331 204226.496   204376.111   206045.704
103  PMB+F+G4      99608.023    331 199878.047   200027.662   201697.255
104  PMB+F+I+G4    99589.079    332 199842.158   199992.779   201666.862
105  HIVb          106841.621   311 214305.242   214435.573   216014.528
106  HIVb+I        106760.447   312 214144.894   214276.152   215859.676
107  HIVb+G4       103225.440   312 207074.879   207206.137   208789.662
108  HIVb+I+G4     103206.469   313 207038.938   207171.126   208759.216
109  HIVb+F        106565.574   330 213791.149   213939.761   215604.861
110  HIVb+F+I      106484.743   331 213631.485   213781.100   215450.694
111  HIVb+F+G4     102664.711   331 205991.421   206141.036   207810.630
112  HIVb+F+I+G4   102647.118   332 205958.235   206108.856   207782.939
113  HIVw          111761.498   311 224144.996   224275.328   225854.283
114  HIVw+I        111678.350   312 223980.700   224111.958   225695.482
115  HIVw+G4       108072.763   312 216769.526   216900.784   218484.308
116  HIVw+I+G4     108057.044   313 216740.088   216872.277   218460.367
117  HIVw+F        109263.411   330 219186.821   219335.433   221000.533
118  HIVw+F+I      109179.154   331 219020.308   219169.922   220839.516
119  HIVw+F+G4     105327.325   331 211316.651   211466.265   213135.859
120  HIVw+F+I+G4   105311.940   332 211287.881   211438.502   213112.585
121  JTTDCMut      103395.049   311 207412.098   207542.429   209121.384
122  JTTDCMut+I    103317.798   312 207259.597   207390.855   208974.379
123  JTTDCMut+G4   100452.512   312 201529.023   201660.281   203243.805
124  JTTDCMut+I+G4 100433.732   313 201493.463   201625.651   203213.742
125  JTTDCMut+F    103626.192   330 207912.383   208060.996   209726.095
126  JTTDCMut+F+I  103542.271   331 207746.541   207896.156   209565.749
127  JTTDCMut+F+G4 100479.863   331 201621.727   201771.341   203440.935
128  JTTDCMut+F+I+G4 100460.108   332 201584.216   201734.838   203408.921
129  FLU           106119.851   311 212861.702   212992.034   214570.988
130  FLU+I         106053.939   312 212731.878   212863.137   214446.661
131  FLU+G4        103017.160   312 206658.320   206789.578   208373.102
132  FLU+I+G4      103002.321   313 206630.642   206762.830   208350.920
133  FLU+F         104824.900   330 210309.800   210458.412   212123.512
134  FLU+F+I       104752.117   331 210166.234   210315.848   211985.442
135  FLU+F+G4      101583.421   331 203828.843   203978.457   205648.051
136  FLU+F+I+G4    101567.331   332 203798.662   203949.283   205623.366
137  Blosum62      102093.781   311 204809.563   204939.894   206518.849
138  Blosum62+I    102026.713   312 204677.426   204808.684   206392.208
139  Blosum62+G4   99919.257    312 200462.514   200593.773   202177.297
140  Blosum62+I+G4 99899.246    313 200424.491   200556.679   202144.770
141  Blosum62+F    101872.078   330 204404.156   204552.768   206217.868
142  Blosum62+F+I  101796.627   331 204255.255   204404.869   206074.463
143  Blosum62+F+G4 99577.570    331 199817.141   199966.755   201636.349
144  Blosum62+F+I+G4 99555.950    332 199775.901   199926.522   201600.605
145  mtMet         111808.003   311 224238.007   224368.339   225947.293
146  mtMet+I       111734.854   312 224093.707   224224.965   225808.490
147  mtMet+G4      107049.158   312 214722.316   214853.574   216437.099
148  mtMet+I+G4    107029.041   313 214684.083   214816.271   216404.361
149  mtMet+F       106704.160   330 214068.319   214216.931   215882.031
150  mtMet+F+I     106607.327   331 213876.655   214026.269   215695.863
151  mtMet+F+G4    102140.199   331 204942.398   205092.013   206761.606
152  mtMet+F+I+G4  102119.096   332 204902.191   205052.812   206726.895
153  mtVer         112321.362   311 225264.723   225395.055   226974.009
154  mtVer+I       112223.882   312 225071.764   225203.022   226786.547
155  mtVer+G4      107180.946   312 214985.893   215117.151   216700.675
156  mtVer+I+G4    107157.257   313 214940.514   215072.702   216660.792
157  mtVer+F       107784.581   330 216229.163   216377.775   218042.875
158  mtVer+F+I     107688.771   331 216039.542   216189.157   217858.750
159  mtVer+F+G4    103137.711   331 206937.421   207087.036   208756.629
160  mtVer+F+I+G4  103117.018   332 206898.037   207048.658   208722.741
161  mtInv         111926.876   311 224475.752   224606.084   226185.039
162  mtInv+I       111863.673   312 224351.346   224482.604   226066.128
163  mtInv+G4      107731.166   312 216086.332   216217.590   217801.114
164  mtInv+I+G4    107712.418   313 216050.836   216183.024   217771.114
165  mtInv+F       105511.304   330 211682.609   211831.221   213496.321
166  mtInv+F+I     105411.146   331 211484.292   211633.906   213303.500
167  mtInv+F+G4    101304.244   331 203270.488   203420.102   205089.696
168  mtInv+F+I+G4  101280.620   332 203225.241   203375.862   205049.945
Akaike Information Criterion:           LG+F+I+G4
Corrected Akaike Information Criterion: LG+F+I+G4
Bayesian Information Criterion:         LG+F+I+G4
Best-fit model: LG+F+I+G4 chosen according to BIC

All model information printed to 20230531_homologs_controls_unique_aligned.fasta.model.gz
CPU time for ModelFinder: 1368.196 seconds (0h:22m:48s)
Wall-clock time for ModelFinder: 1374.857 seconds (0h:22m:54s)
Generating 1000 samples for ultrafast bootstrap (seed: 329186)...

NOTE: 131 MB RAM (0 GB) is required!
Estimate model parameters (epsilon = 0.100)
Thoroughly optimizing +I+G parameters from 10 start values...
Init pinv, alpha: 0.000, 1.000 / Estimate: 0.001, 1.479 / LogL: -99243.046
Init pinv, alpha: 0.039, 1.000 / Estimate: 0.002, 1.479 / LogL: -99243.075
Init pinv, alpha: 0.078, 1.000 / Estimate: 0.002, 1.480 / LogL: -99243.071
Init pinv, alpha: 0.117, 1.000 / Estimate: 0.001, 1.480 / LogL: -99243.053
Init pinv, alpha: 0.156, 1.000 / Estimate: 0.002, 1.480 / LogL: -99243.064
Init pinv, alpha: 0.195, 1.000 / Estimate: 0.002, 1.481 / LogL: -99243.074
Init pinv, alpha: 0.234, 1.000 / Estimate: 0.001, 1.480 / LogL: -99243.048
Init pinv, alpha: 0.273, 1.000 / Estimate: 0.001, 1.480 / LogL: -99243.052
Init pinv, alpha: 0.312, 1.000 / Estimate: 0.001, 1.480 / LogL: -99243.056
Init pinv, alpha: 0.351, 1.000 / Estimate: 0.002, 1.481 / LogL: -99243.060
Optimal pinv,alpha: 0.001, 1.479 / LogL: -99243.046

Parameters optimization took 313.058 sec
Computing ML distances based on estimated model parameters... 13.492 sec
WARNING: Some pairwise ML distances are too long (saturated)
Computing BIONJ tree...
0.088 seconds
Log-likelihood of BIONJ tree: -99407.996
--------------------------------------------------------------------
|             INITIALIZING CANDIDATE TREE SET                      |
--------------------------------------------------------------------
Generating 98 parsimony trees... 21.570 second
Computing log-likelihood of 98 initial trees ... 171.695 seconds
Current best score: -99243.046

Do NNI search on 20 best initial trees
Estimate model parameters (epsilon = 0.100)
BETTER TREE FOUND at iteration 1: -99074.893
Estimate model parameters (epsilon = 0.100)
BETTER TREE FOUND at iteration 2: -99067.294
Estimate model parameters (epsilon = 0.100)
BETTER TREE FOUND at iteration 5: -99062.445
Estimate model parameters (epsilon = 0.100)
BETTER TREE FOUND at iteration 6: -99056.939
Estimate model parameters (epsilon = 0.100)
BETTER TREE FOUND at iteration 7: -99054.907
Iteration 10 / LogL: -99074.439 / Time: 0h:12m:39s
Estimate model parameters (epsilon = 0.100)
BETTER TREE FOUND at iteration 14: -99048.009
Iteration 20 / LogL: -99076.517 / Time: 0h:16m:1s
Finish initializing candidate tree set (20)
Current best tree score: -99048.009 / CPU time: 624.371
Number of iterations: 20
--------------------------------------------------------------------
|               OPTIMIZING CANDIDATE TREE SET                      |
--------------------------------------------------------------------
Iteration 30 / LogL: -99051.396 / Time: 0h:19m:42s (0h:57m:4s left)
Estimate model parameters (epsilon = 0.100)
BETTER TREE FOUND at iteration 32: -99044.971
Iteration 40 / LogL: -99050.661 / Time: 0h:23m:38s (0h:55m:45s left)
Estimate model parameters (epsilon = 0.100)
BETTER TREE FOUND at iteration 42: -99044.757
Estimate model parameters (epsilon = 0.100)
BETTER TREE FOUND at iteration 43: -99037.278
Iteration 50 / LogL: -99058.365 / Time: 0h:27m:30s (0h:52m:12s left)
Log-likelihood cutoff on original alignment: -99145.229
Estimate model parameters (epsilon = 0.100)
BETTER TREE FOUND at iteration 57: -99036.796
Estimate model parameters (epsilon = 0.100)
BETTER TREE FOUND at iteration 59: -99034.342
Iteration 60 / LogL: -99341.790 / Time: 0h:31m:7s (0h:52m:14s left)
Iteration 70 / LogL: -99039.102 / Time: 0h:34m:33s (0h:44m:34s left)
Iteration 80 / LogL: -99037.734 / Time: 0h:38m:12s (0h:38m:12s left)
Estimate model parameters (epsilon = 0.100)
BETTER TREE FOUND at iteration 85: -99033.981
Iteration 90 / LogL: -99036.267 / Time: 0h:42m:0s (0h:44m:50s left)
Iteration 100 / LogL: -99044.043 / Time: 0h:45m:36s (0h:39m:9s left)
Log-likelihood cutoff on original alignment: -99136.916
NOTE: Bootstrap correlation coefficient of split occurrence frequencies: 0.989
NOTE: UFBoot does not converge, continue at least 100 more iterations
Iteration 110 / LogL: -99075.990 / Time: 0h:49m:15s (0h:40m:39s left)
Iteration 120 / LogL: -99045.281 / Time: 0h:52m:45s (0h:35m:28s left)
Iteration 130 / LogL: -99049.402 / Time: 0h:56m:12s (0h:30m:29s left)
Iteration 140 / LogL: -99036.498 / Time: 0h:59m:40s (0h:25m:45s left)
Iteration 150 / LogL: -99039.479 / Time: 1h:3m:19s (0h:21m:14s left)
Log-likelihood cutoff on original alignment: -99136.916
Iteration 160 / LogL: -99048.984 / Time: 1h:6m:44s (0h:16m:47s left)
Iteration 170 / LogL: -99035.939 / Time: 1h:10m:6s (0h:12m:26s left)
Iteration 180 / LogL: -99039.424 / Time: 1h:13m:43s (0h:8m:14s left)
Iteration 190 / LogL: -99057.334 / Time: 1h:17m:15s (0h:4m:5s left)
Iteration 200 / LogL: -99099.818 / Time: 1h:20m:54s (0h:0m:0s left)
Log-likelihood cutoff on original alignment: -99122.682
NOTE: Bootstrap correlation coefficient of split occurrence frequencies: 0.999
TREE SEARCH COMPLETED AFTER 200 ITERATIONS / Time: 1h:20m:55s

--------------------------------------------------------------------
|                    FINALIZING TREE SEARCH                        |
--------------------------------------------------------------------
Performs final model parameters optimization
Estimate model parameters (epsilon = 0.010)
1. Initial log-likelihood: -99033.981
Optimal log-likelihood: -99033.976
Proportion of invariable sites: 0.001
Gamma shape alpha: 1.493
Parameters optimization took 1 rounds (3.343 sec)
BEST SCORE FOUND : -99033.976

Testing tree branches by SH-like aLRT with 1000 replicates...
11.214 sec.
Creating bootstrap support values...
Split supports printed to NEXUS file 20230531_homologs_controls_unique_aligned.fasta.splits.nex
Total tree length: 96.435

Total number of iterations: 200
CPU time used for tree search: 4507.436 sec (1h:15m:7s)
Wall-clock time used for tree search: 4517.448 sec (1h:15m:17s)
Total CPU time used: 4859.908 sec (1h:20m:59s)
Total wall-clock time used: 4870.376 sec (1h:21m:10s)

Computing bootstrap consensus tree...
Reading input file 20230531_homologs_controls_unique_aligned.fasta.splits.nex...
157 taxa and 789 splits.
Consensus tree written to 20230531_homologs_controls_unique_aligned.fasta.contree
Reading input trees file 20230531_homologs_controls_unique_aligned.fasta.contree
Log-likelihood of consensus tree: -99034.235

Analysis results written to: 
  IQ-TREE report:                20230531_homologs_controls_unique_aligned.fasta.iqtree
  Maximum-likelihood tree:       20230531_homologs_controls_unique_aligned.fasta.treefile
  Likelihood distances:          20230531_homologs_controls_unique_aligned.fasta.mldist

Ultrafast bootstrap approximation results written to:
  Split support values:          20230531_homologs_controls_unique_aligned.fasta.splits.nex
  Consensus tree:                20230531_homologs_controls_unique_aligned.fasta.contree
  Screen log file:               20230531_homologs_controls_unique_aligned.fasta.log

Date and Time: Wed May 31 17:17:55 2023
